Arguments: 
  /usr/local/bin/node /usr/local/bin/yarn start

PATH: 
  /usr/local/bin:/usr/bin:/bin:/usr/sbin:/sbin

Yarn version: 
  1.19.1

Node version: 
  12.14.1

Platform: 
  darwin x64

Trace: 
  SyntaxError: /Users/aibekzhumabekov/employees-master/package.json: Unexpected token < in JSON at position 214
      at JSON.parse (<anonymous>)
      at /usr/local/lib/node_modules/yarn/lib/cli.js:1625:59
      at Generator.next (<anonymous>)
      at step (/usr/local/lib/node_modules/yarn/lib/cli.js:304:30)
      at /usr/local/lib/node_modules/yarn/lib/cli.js:315:13

npm manifest: 
  {
    "name": "employees",
    "version": "0.1.0",
    "private": true,
    "dependencies": {
      "@testing-library/jest-dom": "^4.2.4",
      "@testing-library/react": "^9.3.2",
      "@testing-library/user-event": "^7.1.2",
  <<<<<<< HEAD
      "moment": "^2.25.3",
  =======
      "classnames": "^2.2.6",
      "moment": "^2.25.3",
      "node-sass": "^4.14.1",
  >>>>>>> 56021e8aad7c8d3bb18841e8e9f39edae40fc506
      "react": "^16.13.1",
      "react-dom": "^16.13.1",
      "react-router": "^5.1.2",
      "react-router-dom": "^5.1.2",
      "react-scripts": "3.4.1",
      "recharts": "^1.8.5"
    },
    "scripts": {
      "start": "react-scripts start",
      "build": "react-scripts build",
      "test": "react-scripts test",
      "eject": "react-scripts eject"
    },
    "eslintConfig": {
      "extends": "react-app"
    },
    "browserslist": {
      "production": [
        ">0.2%",
        "not dead",
        "not op_mini all"
      ],
      "development": [
        "last 1 chrome version",
        "last 1 firefox version",
        "last 1 safari version"
      ]
    },
    "description": "This project was bootstrapped with [Create React App](https://github.com/facebook/create-react-app).",
    "main": "index.js",
    "devDependencies": {},
    "keywords": [],
    "author": "",
    "license": "ISC"
  }

yarn manifest: 
  No manifest

Lockfile: 
  No lockfile
